Determining if the pthread_create exist failed with the following output:
Change Dir: /home/soren/master_thesis/build/asv_wave_sim_gazebo_plugins/CMakeFiles/CMakeTmp

Run Build Command:"/usr/bin/make" "cmTC_ebea9/fast"
/usr/bin/make -f CMakeFiles/cmTC_ebea9.dir/build.make CMakeFiles/cmTC_ebea9.dir/build
make[1]: Entering directory '/home/soren/master_thesis/build/asv_wave_sim_gazebo_plugins/CMakeFiles/CMakeTmp'
Building C object CMakeFiles/cmTC_ebea9.dir/CheckSymbolExists.c.o
/usr/bin/cc    -o CMakeFiles/cmTC_ebea9.dir/CheckSymbolExists.c.o   -c /home/soren/master_thesis/build/asv_wave_sim_gazebo_plugins/CMakeFiles/CMakeTmp/CheckSymbolExists.c
Linking C executable cmTC_ebea9
/usr/bin/cmake -E cmake_link_script CMakeFiles/cmTC_ebea9.dir/link.txt --verbose=1
/usr/bin/cc      -rdynamic CMakeFiles/cmTC_ebea9.dir/CheckSymbolExists.c.o  -o cmTC_ebea9 
CMakeFiles/cmTC_ebea9.dir/CheckSymbolExists.c.o: In function `main':
CheckSymbolExists.c:(.text+0x1b): undefined reference to `pthread_create'
collect2: error: ld returned 1 exit status
CMakeFiles/cmTC_ebea9.dir/build.make:97: recipe for target 'cmTC_ebea9' failed
make[1]: *** [cmTC_ebea9] Error 1
make[1]: Leaving directory '/home/soren/master_thesis/build/asv_wave_sim_gazebo_plugins/CMakeFiles/CMakeTmp'
Makefile:126: recipe for target 'cmTC_ebea9/fast' failed
make: *** [cmTC_ebea9/fast] Error 2

File /home/soren/master_thesis/build/asv_wave_sim_gazebo_plugins/CMakeFiles/CMakeTmp/CheckSymbolExists.c:
/* */
#include <pthread.h>

int main(int argc, char** argv)
{
  (void)argv;
#ifndef pthread_create
  return ((int*)(&pthread_create))[argc];
#else
  (void)argc;
  return 0;
#endif
}

Determining if the function pthread_create exists in the pthreads failed with the following output:
Change Dir: /home/soren/master_thesis/build/asv_wave_sim_gazebo_plugins/CMakeFiles/CMakeTmp

Run Build Command:"/usr/bin/make" "cmTC_2ebad/fast"
/usr/bin/make -f CMakeFiles/cmTC_2ebad.dir/build.make CMakeFiles/cmTC_2ebad.dir/build
make[1]: Entering directory '/home/soren/master_thesis/build/asv_wave_sim_gazebo_plugins/CMakeFiles/CMakeTmp'
Building C object CMakeFiles/cmTC_2ebad.dir/CheckFunctionExists.c.o
/usr/bin/cc   -DCHECK_FUNCTION_EXISTS=pthread_create   -o CMakeFiles/cmTC_2ebad.dir/CheckFunctionExists.c.o   -c /usr/share/cmake-3.10/Modules/CheckFunctionExists.c
Linking C executable cmTC_2ebad
/usr/bin/cmake -E cmake_link_script CMakeFiles/cmTC_2ebad.dir/link.txt --verbose=1
/usr/bin/cc  -DCHECK_FUNCTION_EXISTS=pthread_create    -rdynamic CMakeFiles/cmTC_2ebad.dir/CheckFunctionExists.c.o  -o cmTC_2ebad -lpthreads 
/usr/bin/ld: cannot find -lpthreads
collect2: error: ld returned 1 exit status
CMakeFiles/cmTC_2ebad.dir/build.make:97: recipe for target 'cmTC_2ebad' failed
make[1]: *** [cmTC_2ebad] Error 1
make[1]: Leaving directory '/home/soren/master_thesis/build/asv_wave_sim_gazebo_plugins/CMakeFiles/CMakeTmp'
Makefile:126: recipe for target 'cmTC_2ebad/fast' failed
make: *** [cmTC_2ebad/fast] Error 2


Performing C++ SOURCE FILE Test TBB_without_pthread failed with the following output:
Change Dir: /home/soren/master_thesis/build/asv_wave_sim_gazebo_plugins/CMakeFiles/CMakeTmp

Run Build Command:"/usr/bin/make" "cmTC_ce6a4/fast"
/usr/bin/make -f CMakeFiles/cmTC_ce6a4.dir/build.make CMakeFiles/cmTC_ce6a4.dir/build
make[1]: Entering directory '/home/soren/master_thesis/build/asv_wave_sim_gazebo_plugins/CMakeFiles/CMakeTmp'
Building CXX object CMakeFiles/cmTC_ce6a4.dir/src.cxx.o
/usr/bin/c++    -g -O2 -fdebug-prefix-map=/build/cgal-ZyilPF/cgal-4.11=. -fstack-protector-strong -Wformat -Werror=format-security -Wdate-time -D_FORTIFY_SOURCE=2 -frounding-math -DTBB_without_pthread   -o CMakeFiles/cmTC_ce6a4.dir/src.cxx.o -c /home/soren/master_thesis/build/asv_wave_sim_gazebo_plugins/CMakeFiles/CMakeTmp/src.cxx
Linking CXX executable cmTC_ce6a4
/usr/bin/cmake -E cmake_link_script CMakeFiles/cmTC_ce6a4.dir/link.txt --verbose=1
/usr/bin/c++  -g -O2 -fdebug-prefix-map=/build/cgal-ZyilPF/cgal-4.11=. -fstack-protector-strong -Wformat -Werror=format-security -Wdate-time -D_FORTIFY_SOURCE=2 -frounding-math -DTBB_without_pthread    -rdynamic CMakeFiles/cmTC_ce6a4.dir/src.cxx.o  -o cmTC_ce6a4 /usr/lib/x86_64-linux-gnu/libtbb.so /usr/lib/x86_64-linux-gnu/libtbbmalloc.so 
/usr/bin/ld: CMakeFiles/cmTC_ce6a4.dir/src.cxx.o: undefined reference to symbol 'pthread_key_delete@@GLIBC_2.2.5'
//lib/x86_64-linux-gnu/libpthread.so.0: error adding symbols: DSO missing from command line
collect2: error: ld returned 1 exit status
CMakeFiles/cmTC_ce6a4.dir/build.make:99: recipe for target 'cmTC_ce6a4' failed
make[1]: *** [cmTC_ce6a4] Error 1
make[1]: Leaving directory '/home/soren/master_thesis/build/asv_wave_sim_gazebo_plugins/CMakeFiles/CMakeTmp'
Makefile:126: recipe for target 'cmTC_ce6a4/fast' failed
make: *** [cmTC_ce6a4/fast] Error 2

Source file was:

          #include <tbb/enumerable_thread_specific.h>
          int main() {
            tbb::enumerable_thread_specific<
              bool*,
              tbb::cache_aligned_allocator<bool*>,
              tbb::ets_key_per_instance> grid;
          }
          
