Warning: Cannot symlink from /home/soren/master_thesis/devel/.private/asv_wave_sim_gazebo_plugins/share/asv_wave_sim_gazebo_plugins/cmake/asv_wave_sim_gazebo_pluginsConfig.cmake to existing file /home/soren/master_thesis/devel/share/asv_wave_sim_gazebo_plugins/cmake/asv_wave_sim_gazebo_pluginsConfig.cmake
Warning: Source hash: 494fcc14cfdca287ee0284813a215ca1
Warning: Dest hash: 74e60146c2afe5b74d1f029e63c01c49
Warning: Cannot symlink from /home/soren/master_thesis/devel/.private/asv_wave_sim_gazebo_plugins/lib/libWavefieldVisualPlugin.so to existing file /home/soren/master_thesis/devel/lib/libWavefieldVisualPlugin.so
Warning: Source hash: d02da83f111db5fef9867f0d6862050a
Warning: Dest hash: 486ae91f95610e378c21479166e1bc97
Warning: Cannot symlink from /home/soren/master_thesis/devel/.private/asv_wave_sim_gazebo_plugins/lib/libHydrodynamics.so to existing file /home/soren/master_thesis/devel/lib/libHydrodynamics.so
Warning: Source hash: c451f30bfbb12f1210b0bfe9d1d62aec
Warning: Dest hash: 098ded6aeaf9efb8b2bf6fc2eda6edab
Warning: Cannot symlink from /home/soren/master_thesis/devel/.private/asv_wave_sim_gazebo_plugins/lib/libHydrodynamicsPlugin.so to existing file /home/soren/master_thesis/devel/lib/libHydrodynamicsPlugin.so
Warning: Source hash: 1bb5e13e86b06450900dedc4d8bee5f1
Warning: Dest hash: 90f83ca0d186ae75c556182d6cfa5a77
Warning: Cannot symlink from /home/soren/master_thesis/devel/.private/asv_wave_sim_gazebo_plugins/lib/libWavefieldModelPlugin.so to existing file /home/soren/master_thesis/devel/lib/libWavefieldModelPlugin.so
Warning: Source hash: 26490d1708158e001ee763fc92827017
Warning: Dest hash: 15e13ba11625e77b41997da66ddd4ade
Warning: Cannot symlink from /home/soren/master_thesis/devel/.private/asv_wave_sim_gazebo_plugins/lib/asv_wave_sim_gazebo_plugins/HydrodynamicsMsgPublisher to existing file /home/soren/master_thesis/devel/lib/asv_wave_sim_gazebo_plugins/HydrodynamicsMsgPublisher
Warning: Source hash: b5f6dbce081ef1775ffe528bef4377cf
Warning: Dest hash: 8b46c1dc2e030e32a505e86964413813
Warning: Cannot symlink from /home/soren/master_thesis/devel/.private/asv_wave_sim_gazebo_plugins/lib/asv_wave_sim_gazebo_plugins/TestRunner to existing file /home/soren/master_thesis/devel/lib/asv_wave_sim_gazebo_plugins/TestRunner
Warning: Source hash: 9a918aaa2948f74e7f74695b1bfa5308
Warning: Dest hash: bd366466701c6fe057e3f529eeafa124
Warning: Cannot symlink from /home/soren/master_thesis/devel/.private/asv_wave_sim_gazebo_plugins/lib/asv_wave_sim_gazebo_plugins/WaveMsgPublisher to existing file /home/soren/master_thesis/devel/lib/asv_wave_sim_gazebo_plugins/WaveMsgPublisher
Warning: Source hash: a1469f121501615ebff7b3f347f37c81
Warning: Dest hash: 0bc338af0188899868c6d7c6c16292f5
Warning: Cannot symlink from /home/soren/master_thesis/devel/.private/asv_wave_sim_gazebo_plugins/lib/asv_wave_sim_gazebo_plugins/GzTestRunner to existing file /home/soren/master_thesis/devel/lib/asv_wave_sim_gazebo_plugins/GzTestRunner
Warning: Source hash: 0cb64281931c76a767d9759c88646694
Warning: Dest hash: 130ccb62d1628ed1cbb4d89872a93881
Warning: Cannot symlink from /home/soren/master_thesis/devel/.private/asv_wave_sim_gazebo_plugins/lib/asv_wave_sim_gazebo_plugins/WaveMsgSubscriber to existing file /home/soren/master_thesis/devel/lib/asv_wave_sim_gazebo_plugins/WaveMsgSubscriber
Warning: Source hash: 65f76e76239c234967a96339d07263cb
Warning: Dest hash: a0e3ae71748f9b66e267ab2fa7a6a777
Warning: Cannot symlink from /home/soren/master_thesis/devel/.private/asv_wave_sim_gazebo_plugins/lib/asv_wave_sim_gazebo_plugins/HydrodynamicsMsgSubscriber to existing file /home/soren/master_thesis/devel/lib/asv_wave_sim_gazebo_plugins/HydrodynamicsMsgSubscriber
Warning: Source hash: 232a8331d74869c3fb71fffabaf85c63
Warning: Dest hash: d3318f14f5f7a3180ad32929b65c772f
Warning: Cannot symlink from /home/soren/master_thesis/devel/.private/asv_wave_sim_gazebo_plugins/lib/pkgconfig/asv_wave_sim_gazebo_plugins.pc to existing file /home/soren/master_thesis/devel/lib/pkgconfig/asv_wave_sim_gazebo_plugins.pc
Warning: Source hash: bc066890e92c9c0036f0dc052345319a
Warning: Dest hash: 25b3ad9d5d5716e7176da45dc45bbb6b
Cleaning: (/home/soren/master_thesis_new/devel/.private/asv_wave_sim_gazebo_plugins/cmake.lock, /home/soren/master_thesis_new/devel/./cmake.lock)
Cleaning: (/home/soren/master_thesis_new/devel/.private/asv_wave_sim_gazebo_plugins/share/asv_wave_sim_gazebo_plugins/cmake/asv_wave_sim_gazebo_pluginsConfig.cmake, /home/soren/master_thesis_new/devel/share/asv_wave_sim_gazebo_plugins/cmake/asv_wave_sim_gazebo_pluginsConfig.cmake)
Cleaning: (/home/soren/master_thesis_new/devel/.private/asv_wave_sim_gazebo_plugins/share/asv_wave_sim_gazebo_plugins/cmake/asv_wave_sim_gazebo_pluginsConfig-version.cmake, /home/soren/master_thesis_new/devel/share/asv_wave_sim_gazebo_plugins/cmake/asv_wave_sim_gazebo_pluginsConfig-version.cmake)
Cleaning: (/home/soren/master_thesis_new/devel/.private/asv_wave_sim_gazebo_plugins/lib/libWavefieldVisualPlugin.so, /home/soren/master_thesis_new/devel/lib/libWavefieldVisualPlugin.so)
Cleaning: (/home/soren/master_thesis_new/devel/.private/asv_wave_sim_gazebo_plugins/lib/libHydrodynamics.so, /home/soren/master_thesis_new/devel/lib/libHydrodynamics.so)
Cleaning: (/home/soren/master_thesis_new/devel/.private/asv_wave_sim_gazebo_plugins/lib/libHydrodynamicsPlugin.so, /home/soren/master_thesis_new/devel/lib/libHydrodynamicsPlugin.so)
Cleaning: (/home/soren/master_thesis_new/devel/.private/asv_wave_sim_gazebo_plugins/lib/libWavefieldModelPlugin.so, /home/soren/master_thesis_new/devel/lib/libWavefieldModelPlugin.so)
Cleaning: (/home/soren/master_thesis_new/devel/.private/asv_wave_sim_gazebo_plugins/lib/asv_wave_sim_gazebo_plugins/HydrodynamicsMsgPublisher, /home/soren/master_thesis_new/devel/lib/asv_wave_sim_gazebo_plugins/HydrodynamicsMsgPublisher)
Cleaning: (/home/soren/master_thesis_new/devel/.private/asv_wave_sim_gazebo_plugins/lib/asv_wave_sim_gazebo_plugins/TestRunner, /home/soren/master_thesis_new/devel/lib/asv_wave_sim_gazebo_plugins/TestRunner)
Cleaning: (/home/soren/master_thesis_new/devel/.private/asv_wave_sim_gazebo_plugins/lib/asv_wave_sim_gazebo_plugins/WaveMsgPublisher, /home/soren/master_thesis_new/devel/lib/asv_wave_sim_gazebo_plugins/WaveMsgPublisher)
Cleaning: (/home/soren/master_thesis_new/devel/.private/asv_wave_sim_gazebo_plugins/lib/asv_wave_sim_gazebo_plugins/GzTestRunner, /home/soren/master_thesis_new/devel/lib/asv_wave_sim_gazebo_plugins/GzTestRunner)
Cleaning: (/home/soren/master_thesis_new/devel/.private/asv_wave_sim_gazebo_plugins/lib/asv_wave_sim_gazebo_plugins/WaveMsgSubscriber, /home/soren/master_thesis_new/devel/lib/asv_wave_sim_gazebo_plugins/WaveMsgSubscriber)
Cleaning: (/home/soren/master_thesis_new/devel/.private/asv_wave_sim_gazebo_plugins/lib/asv_wave_sim_gazebo_plugins/HydrodynamicsMsgSubscriber, /home/soren/master_thesis_new/devel/lib/asv_wave_sim_gazebo_plugins/HydrodynamicsMsgSubscriber)
Cleaning: (/home/soren/master_thesis_new/devel/.private/asv_wave_sim_gazebo_plugins/lib/pkgconfig/asv_wave_sim_gazebo_plugins.pc, /home/soren/master_thesis_new/devel/lib/pkgconfig/asv_wave_sim_gazebo_plugins.pc)
Unlinking: /home/soren/master_thesis_new/devel/share/asv_wave_sim_gazebo_plugins/cmake/asv_wave_sim_gazebo_pluginsConfig.cmake
Unlinking: /home/soren/master_thesis_new/devel/share/asv_wave_sim_gazebo_plugins/cmake/asv_wave_sim_gazebo_pluginsConfig-version.cmake
Unlinking: /home/soren/master_thesis_new/devel/lib/libWavefieldVisualPlugin.so
Unlinking: /home/soren/master_thesis_new/devel/lib/libHydrodynamics.so
Unlinking: /home/soren/master_thesis_new/devel/lib/libHydrodynamicsPlugin.so
Unlinking: /home/soren/master_thesis_new/devel/lib/libWavefieldModelPlugin.so
Unlinking: /home/soren/master_thesis_new/devel/lib/asv_wave_sim_gazebo_plugins/HydrodynamicsMsgPublisher
Unlinking: /home/soren/master_thesis_new/devel/lib/asv_wave_sim_gazebo_plugins/TestRunner
Unlinking: /home/soren/master_thesis_new/devel/lib/asv_wave_sim_gazebo_plugins/WaveMsgPublisher
Unlinking: /home/soren/master_thesis_new/devel/lib/asv_wave_sim_gazebo_plugins/GzTestRunner
Unlinking: /home/soren/master_thesis_new/devel/lib/asv_wave_sim_gazebo_plugins/WaveMsgSubscriber
Unlinking: /home/soren/master_thesis_new/devel/lib/asv_wave_sim_gazebo_plugins/HydrodynamicsMsgSubscriber
Unlinking: /home/soren/master_thesis_new/devel/lib/pkgconfig/asv_wave_sim_gazebo_plugins.pc
