[35m[1mScanning dependencies of target Hydrodynamics[0m
[  3%] [32mBuilding CXX object CMakeFiles/Hydrodynamics.dir/src/Convert.cc.o[0m
[  6%] [32mBuilding CXX object CMakeFiles/Hydrodynamics.dir/src/Algorithm.cc.o[0m
[ 15%] [32mBuilding CXX object CMakeFiles/Hydrodynamics.dir/src/Geometry.cc.o[0m
[ 15%] [32mBuilding CXX object CMakeFiles/Hydrodynamics.dir/src/Gazebo.cc.o[0m
[ 15%] [32mBuilding CXX object CMakeFiles/Hydrodynamics.dir/src/Grid.cc.o[0m
[ 18%] [32mBuilding CXX object CMakeFiles/Hydrodynamics.dir/src/PhysicalConstants.cc.o[0m
[ 21%] [32mBuilding CXX object CMakeFiles/Hydrodynamics.dir/src/MeshTools.cc.o[0m
[ 24%] [32mBuilding CXX object CMakeFiles/Hydrodynamics.dir/src/Physics.cc.o[0m
[ 27%] [32mBuilding CXX object CMakeFiles/Hydrodynamics.dir/src/Utilities.cc.o[0m
[ 30%] [32mBuilding CXX object CMakeFiles/Hydrodynamics.dir/src/Wavefield.cc.o[0m
[ 33%] [32mBuilding CXX object CMakeFiles/Hydrodynamics.dir/src/WavefieldEntity.cc.o[0m
[ 36%] [32m[1mLinking CXX shared library /home/soren/master_thesis/devel/.private/asv_wave_sim_gazebo_plugins/lib/libHydrodynamics.so[0m
[ 36%] Built target Hydrodynamics
[35m[1mScanning dependencies of target WaveMsgSubscriber[0m
[35m[1mScanning dependencies of target HydrodynamicsMsgPublisher[0m
[35m[1mScanning dependencies of target WaveMsgPublisher[0m
[35m[1mScanning dependencies of target WavefieldModelPlugin[0m
[35m[1mScanning dependencies of target HydrodynamicsMsgSubscriber[0m
[35m[1mScanning dependencies of target HydrodynamicsPlugin[0m
[35m[1mScanning dependencies of target TestRunner[0m
[35m[1mScanning dependencies of target WavefieldVisualPlugin[0m
[ 39%] [32mBuilding CXX object CMakeFiles/TestRunner.dir/src/TestRunner.cc.o[0m
[ 42%] [32mBuilding CXX object CMakeFiles/WavefieldModelPlugin.dir/src/WavefieldModelPlugin.cc.o[0m
[ 48%] [32mBuilding CXX object CMakeFiles/HydrodynamicsPlugin.dir/src/HydrodynamicsPlugin.cc.o[0m
[ 51%] [32mBuilding CXX object CMakeFiles/HydrodynamicsMsgSubscriber.dir/src/HydrodynamicsMsgSubscriber.cc.o[0m
[ 48%] [32mBuilding CXX object CMakeFiles/WaveMsgPublisher.dir/src/WaveMsgPublisher.cc.o[0m
[ 54%] [32mBuilding CXX object CMakeFiles/WaveMsgSubscriber.dir/src/WaveMsgSubscriber.cc.o[0m
[ 57%] [32mBuilding CXX object CMakeFiles/HydrodynamicsMsgPublisher.dir/src/HydrodynamicsMsgPublisher.cc.o[0m
[ 60%] [32mBuilding CXX object CMakeFiles/WavefieldVisualPlugin.dir/src/WavefieldVisualPlugin.cc.o[0m
[ 63%] [32mBuilding CXX object CMakeFiles/TestRunner.dir/src/CGAL_TEST.cc.o[0m
[ 66%] [32m[1mLinking CXX executable /home/soren/master_thesis/devel/.private/asv_wave_sim_gazebo_plugins/lib/asv_wave_sim_gazebo_plugins/WaveMsgSubscriber[0m
[ 69%] [32m[1mLinking CXX executable /home/soren/master_thesis/devel/.private/asv_wave_sim_gazebo_plugins/lib/asv_wave_sim_gazebo_plugins/HydrodynamicsMsgSubscriber[0m
[ 69%] Built target WaveMsgSubscriber
[35m[1mScanning dependencies of target GzTestRunner[0m
[ 69%] Built target HydrodynamicsMsgSubscriber
[ 72%] [32mBuilding CXX object CMakeFiles/TestRunner.dir/src/MeshTools_TEST.cc.o[0m
[ 75%] [32mBuilding CXX object CMakeFiles/GzTestRunner.dir/src/GzTestRunner.cc.o[0m
[ 78%] [32m[1mLinking CXX executable /home/soren/master_thesis/devel/.private/asv_wave_sim_gazebo_plugins/lib/asv_wave_sim_gazebo_plugins/WaveMsgPublisher[0m
[ 81%] [32m[1mLinking CXX executable /home/soren/master_thesis/devel/.private/asv_wave_sim_gazebo_plugins/lib/asv_wave_sim_gazebo_plugins/HydrodynamicsMsgPublisher[0m
[ 81%] Built target WaveMsgPublisher
[ 84%] [32mBuilding CXX object CMakeFiles/GzTestRunner.dir/src/GzPhysics_TEST.cc.o[0m
[ 87%] [32m[1mLinking CXX shared library /home/soren/master_thesis/devel/.private/asv_wave_sim_gazebo_plugins/lib/libWavefieldModelPlugin.so[0m
[ 87%] Built target HydrodynamicsMsgPublisher
[ 87%] Built target WavefieldModelPlugin
[ 90%] [32m[1mLinking CXX shared library /home/soren/master_thesis/devel/.private/asv_wave_sim_gazebo_plugins/lib/libHydrodynamicsPlugin.so[0m
[ 90%] Built target HydrodynamicsPlugin
[ 93%] [32m[1mLinking CXX shared library /home/soren/master_thesis/devel/.private/asv_wave_sim_gazebo_plugins/lib/libWavefieldVisualPlugin.so[0m
[ 96%] [32m[1mLinking CXX executable /home/soren/master_thesis/devel/.private/asv_wave_sim_gazebo_plugins/lib/asv_wave_sim_gazebo_plugins/GzTestRunner[0m
[ 96%] Built target WavefieldVisualPlugin
[ 96%] Built target GzTestRunner
[100%] [32m[1mLinking CXX executable /home/soren/master_thesis/devel/.private/asv_wave_sim_gazebo_plugins/lib/asv_wave_sim_gazebo_plugins/TestRunner[0m
[100%] Built target TestRunner
