[  3%] [32m[1mLinking CXX shared library /home/soren/master_thesis/devel/.private/asv_wave_sim_gazebo_plugins/lib/libHydrodynamics.so[0m
[ 36%] Built target Hydrodynamics
[ 39%] [32m[1mLinking CXX executable /home/soren/master_thesis/devel/.private/asv_wave_sim_gazebo_plugins/lib/asv_wave_sim_gazebo_plugins/TestRunner[0m
[ 48%] [32m[1mLinking CXX executable /home/soren/master_thesis/devel/.private/asv_wave_sim_gazebo_plugins/lib/asv_wave_sim_gazebo_plugins/WaveMsgPublisher[0m
[ 48%] [32m[1mLinking CXX shared library /home/soren/master_thesis/devel/.private/asv_wave_sim_gazebo_plugins/lib/libWavefieldModelPlugin.so[0m
[ 48%] [32m[1mLinking CXX executable /home/soren/master_thesis/devel/.private/asv_wave_sim_gazebo_plugins/lib/asv_wave_sim_gazebo_plugins/WaveMsgSubscriber[0m
[ 51%] [32m[1mLinking CXX executable /home/soren/master_thesis/devel/.private/asv_wave_sim_gazebo_plugins/lib/asv_wave_sim_gazebo_plugins/HydrodynamicsMsgPublisher[0m
[ 54%] [32m[1mLinking CXX executable /home/soren/master_thesis/devel/.private/asv_wave_sim_gazebo_plugins/lib/asv_wave_sim_gazebo_plugins/HydrodynamicsMsgSubscriber[0m
[ 57%] [32m[1mLinking CXX shared library /home/soren/master_thesis/devel/.private/asv_wave_sim_gazebo_plugins/lib/libWavefieldVisualPlugin.so[0m
[ 60%] [32m[1mLinking CXX shared library /home/soren/master_thesis/devel/.private/asv_wave_sim_gazebo_plugins/lib/libHydrodynamicsPlugin.so[0m
[ 69%] Built target TestRunner
[ 72%] Built target HydrodynamicsPlugin
[ 75%] [32m[1mLinking CXX executable /home/soren/master_thesis/devel/.private/asv_wave_sim_gazebo_plugins/lib/asv_wave_sim_gazebo_plugins/GzTestRunner[0m
[ 78%] Built target WavefieldModelPlugin
[ 81%] Built target WaveMsgSubscriber
[ 84%] Built target HydrodynamicsMsgSubscriber
[ 87%] Built target WavefieldVisualPlugin
[ 90%] Built target WaveMsgPublisher
[ 93%] Built target HydrodynamicsMsgPublisher
[100%] Built target GzTestRunner
