CMakeFiles/offb_node_square.dir/src/offb_node_square.cpp.o: In function `main':
offb_node_square.cpp:(.text+0xa0): undefined reference to `ros::init(int&, char**, std::__cxx11::basic_string<char, std::char_traits<char>, std::allocator<char> > const&, unsigned int)'
offb_node_square.cpp:(.text+0x132): undefined reference to `ros::NodeHandle::NodeHandle(std::__cxx11::basic_string<char, std::char_traits<char>, std::allocator<char> > const&, std::map<std::__cxx11::basic_string<char, std::char_traits<char>, std::allocator<char> >, std::__cxx11::basic_string<char, std::char_traits<char>, std::allocator<char> >, std::less<std::__cxx11::basic_string<char, std::char_traits<char>, std::allocator<char> > >, std::allocator<std::pair<std::__cxx11::basic_string<char, std::char_traits<char>, std::allocator<char> > const, std::__cxx11::basic_string<char, std::char_traits<char>, std::allocator<char> > > > > const&)'
offb_node_square.cpp:(.text+0x479): undefined reference to `ros::Rate::Rate(double)'
offb_node_square.cpp:(.text+0x47e): undefined reference to `ros::ok()'
offb_node_square.cpp:(.text+0x4a2): undefined reference to `ros::spinOnce()'
offb_node_square.cpp:(.text+0x4b1): undefined reference to `ros::Rate::sleep()'
offb_node_square.cpp:(.text+0x4f9): undefined reference to `ros::ok()'
offb_node_square.cpp:(.text+0x534): undefined reference to `ros::spinOnce()'
offb_node_square.cpp:(.text+0x543): undefined reference to `ros::Rate::sleep()'
offb_node_square.cpp:(.text+0x5b9): undefined reference to `ros::Time::now()'
offb_node_square.cpp:(.text+0x5c5): undefined reference to `ros::Time::now()'
offb_node_square.cpp:(.text+0x5d3): undefined reference to `ros::console::g_initialized'
offb_node_square.cpp:(.text+0x5e3): undefined reference to `ros::console::initialize()'
offb_node_square.cpp:(.text+0x63c): undefined reference to `ros::console::initializeLogLocation(ros::console::LogLocation*, std::__cxx11::basic_string<char, std::char_traits<char>, std::allocator<char> > const&, ros::console::levels::Level)'
offb_node_square.cpp:(.text+0x67f): undefined reference to `ros::console::setLogLocationLevel(ros::console::LogLocation*, ros::console::levels::Level)'
offb_node_square.cpp:(.text+0x68b): undefined reference to `ros::console::checkLogLocationEnabled(ros::console::LogLocation*)'
offb_node_square.cpp:(.text+0x6e6): undefined reference to `ros::console::print(ros::console::FilterBase*, void*, ros::console::levels::Level, char const*, int, char const*, char const*, ...)'
offb_node_square.cpp:(.text+0x6ef): undefined reference to `ros::ok()'
offb_node_square.cpp:(.text+0x74c): undefined reference to `ros::Time::now()'
offb_node_square.cpp:(.text+0x773): undefined reference to `ros::TimeBase<ros::Time, ros::Duration>::operator-(ros::Time const&) const'
offb_node_square.cpp:(.text+0x792): undefined reference to `ros::DurationBase<ros::Duration>::operator>(ros::Duration const&) const'
offb_node_square.cpp:(.text+0x7db): undefined reference to `ros::console::g_initialized'
offb_node_square.cpp:(.text+0x7eb): undefined reference to `ros::console::initialize()'
offb_node_square.cpp:(.text+0x844): undefined reference to `ros::console::initializeLogLocation(ros::console::LogLocation*, std::__cxx11::basic_string<char, std::char_traits<char>, std::allocator<char> > const&, ros::console::levels::Level)'
offb_node_square.cpp:(.text+0x887): undefined reference to `ros::console::setLogLocationLevel(ros::console::LogLocation*, ros::console::levels::Level)'
offb_node_square.cpp:(.text+0x893): undefined reference to `ros::console::checkLogLocationEnabled(ros::console::LogLocation*)'
offb_node_square.cpp:(.text+0x8ee): undefined reference to `ros::console::print(ros::console::FilterBase*, void*, ros::console::levels::Level, char const*, int, char const*, char const*, ...)'
offb_node_square.cpp:(.text+0x935): undefined reference to `ros::console::g_initialized'
offb_node_square.cpp:(.text+0x945): undefined reference to `ros::console::initialize()'
offb_node_square.cpp:(.text+0x99e): undefined reference to `ros::console::initializeLogLocation(ros::console::LogLocation*, std::__cxx11::basic_string<char, std::char_traits<char>, std::allocator<char> > const&, ros::console::levels::Level)'
offb_node_square.cpp:(.text+0x9e1): undefined reference to `ros::console::setLogLocationLevel(ros::console::LogLocation*, ros::console::levels::Level)'
offb_node_square.cpp:(.text+0x9ed): undefined reference to `ros::console::checkLogLocationEnabled(ros::console::LogLocation*)'
offb_node_square.cpp:(.text+0xa48): undefined reference to `ros::console::print(ros::console::FilterBase*, void*, ros::console::levels::Level, char const*, int, char const*, char const*, ...)'
offb_node_square.cpp:(.text+0xa51): undefined reference to `ros::Time::now()'
offb_node_square.cpp:(.text+0xaa6): undefined reference to `ros::Time::now()'
offb_node_square.cpp:(.text+0xacd): undefined reference to `ros::TimeBase<ros::Time, ros::Duration>::operator-(ros::Time const&) const'
offb_node_square.cpp:(.text+0xaec): undefined reference to `ros::DurationBase<ros::Duration>::operator>(ros::Duration const&) const'
offb_node_square.cpp:(.text+0xb35): undefined reference to `ros::console::g_initialized'
offb_node_square.cpp:(.text+0xb45): undefined reference to `ros::console::initialize()'
offb_node_square.cpp:(.text+0xb9e): undefined reference to `ros::console::initializeLogLocation(ros::console::LogLocation*, std::__cxx11::basic_string<char, std::char_traits<char>, std::allocator<char> > const&, ros::console::levels::Level)'
offb_node_square.cpp:(.text+0xbe1): undefined reference to `ros::console::setLogLocationLevel(ros::console::LogLocation*, ros::console::levels::Level)'
offb_node_square.cpp:(.text+0xbed): undefined reference to `ros::console::checkLogLocationEnabled(ros::console::LogLocation*)'
offb_node_square.cpp:(.text+0xc48): undefined reference to `ros::console::print(ros::console::FilterBase*, void*, ros::console::levels::Level, char const*, int, char const*, char const*, ...)'
offb_node_square.cpp:(.text+0xc8f): undefined reference to `ros::console::g_initialized'
offb_node_square.cpp:(.text+0xc9f): undefined reference to `ros::console::initialize()'
offb_node_square.cpp:(.text+0xcf8): undefined reference to `ros::console::initializeLogLocation(ros::console::LogLocation*, std::__cxx11::basic_string<char, std::char_traits<char>, std::allocator<char> > const&, ros::console::levels::Level)'
offb_node_square.cpp:(.text+0xd3b): undefined reference to `ros::console::setLogLocationLevel(ros::console::LogLocation*, ros::console::levels::Level)'
offb_node_square.cpp:(.text+0xd47): undefined reference to `ros::console::checkLogLocationEnabled(ros::console::LogLocation*)'
offb_node_square.cpp:(.text+0xda2): undefined reference to `ros::console::print(ros::console::FilterBase*, void*, ros::console::levels::Level, char const*, int, char const*, char const*, ...)'
offb_node_square.cpp:(.text+0xdab): undefined reference to `ros::Time::now()'
offb_node_square.cpp:(.text+0xe07): undefined reference to `ros::Time::now()'
offb_node_square.cpp:(.text+0xe2e): undefined reference to `ros::TimeBase<ros::Time, ros::Duration>::operator-(ros::Time const&) const'
offb_node_square.cpp:(.text+0xe4d): undefined reference to `ros::DurationBase<ros::Duration>::operator>(ros::Duration const&) const'
offb_node_square.cpp:(.text+0xe96): undefined reference to `ros::console::g_initialized'
offb_node_square.cpp:(.text+0xea6): undefined reference to `ros::console::initialize()'
offb_node_square.cpp:(.text+0xeff): undefined reference to `ros::console::initializeLogLocation(ros::console::LogLocation*, std::__cxx11::basic_string<char, std::char_traits<char>, std::allocator<char> > const&, ros::console::levels::Level)'
offb_node_square.cpp:(.text+0xf42): undefined reference to `ros::console::setLogLocationLevel(ros::console::LogLocation*, ros::console::levels::Level)'
offb_node_square.cpp:(.text+0xf4e): undefined reference to `ros::console::checkLogLocationEnabled(ros::console::LogLocation*)'
offb_node_square.cpp:(.text+0xfa9): undefined reference to `ros::console::print(ros::console::FilterBase*, void*, ros::console::levels::Level, char const*, int, char const*, char const*, ...)'
offb_node_square.cpp:(.text+0xff0): undefined reference to `ros::console::g_initialized'
offb_node_square.cpp:(.text+0x1000): undefined reference to `ros::console::initialize()'
offb_node_square.cpp:(.text+0x1059): undefined reference to `ros::console::initializeLogLocation(ros::console::LogLocation*, std::__cxx11::basic_string<char, std::char_traits<char>, std::allocator<char> > const&, ros::console::levels::Level)'
offb_node_square.cpp:(.text+0x109c): undefined reference to `ros::console::setLogLocationLevel(ros::console::LogLocation*, ros::console::levels::Level)'
offb_node_square.cpp:(.text+0x10a8): undefined reference to `ros::console::checkLogLocationEnabled(ros::console::LogLocation*)'
offb_node_square.cpp:(.text+0x1103): undefined reference to `ros::console::print(ros::console::FilterBase*, void*, ros::console::levels::Level, char const*, int, char const*, char const*, ...)'
offb_node_square.cpp:(.text+0x1127): undefined reference to `ros::spinOnce()'
offb_node_square.cpp:(.text+0x1136): undefined reference to `ros::Rate::sleep()'
offb_node_square.cpp:(.text+0x1143): undefined reference to `ros::console::g_initialized'
offb_node_square.cpp:(.text+0x1153): undefined reference to `ros::console::initialize()'
offb_node_square.cpp:(.text+0x11ac): undefined reference to `ros::console::initializeLogLocation(ros::console::LogLocation*, std::__cxx11::basic_string<char, std::char_traits<char>, std::allocator<char> > const&, ros::console::levels::Level)'
offb_node_square.cpp:(.text+0x11ef): undefined reference to `ros::console::setLogLocationLevel(ros::console::LogLocation*, ros::console::levels::Level)'
offb_node_square.cpp:(.text+0x11fb): undefined reference to `ros::console::checkLogLocationEnabled(ros::console::LogLocation*)'
offb_node_square.cpp:(.text+0x1256): undefined reference to `ros::console::print(ros::console::FilterBase*, void*, ros::console::levels::Level, char const*, int, char const*, char const*, ...)'
offb_node_square.cpp:(.text+0x12aa): undefined reference to `ros::ServiceClient::~ServiceClient()'
offb_node_square.cpp:(.text+0x12b9): undefined reference to `ros::ServiceClient::~ServiceClient()'
offb_node_square.cpp:(.text+0x12c8): undefined reference to `ros::Publisher::~Publisher()'
offb_node_square.cpp:(.text+0x12d7): undefined reference to `ros::Subscriber::~Subscriber()'
offb_node_square.cpp:(.text+0x12e6): undefined reference to `ros::NodeHandle::~NodeHandle()'
offb_node_square.cpp:(.text+0x1683): undefined reference to `ros::ServiceClient::~ServiceClient()'
offb_node_square.cpp:(.text+0x1692): undefined reference to `ros::ServiceClient::~ServiceClient()'
offb_node_square.cpp:(.text+0x16a1): undefined reference to `ros::Publisher::~Publisher()'
offb_node_square.cpp:(.text+0x16b0): undefined reference to `ros::Subscriber::~Subscriber()'
offb_node_square.cpp:(.text+0x16bf): undefined reference to `ros::NodeHandle::~NodeHandle()'
CMakeFiles/offb_node_square.dir/src/offb_node_square.cpp.o: In function `ros::Duration::Duration(double)':
offb_node_square.cpp:(.text._ZN3ros8DurationC2Ed[_ZN3ros8DurationC5Ed]+0x33): undefined reference to `ros::DurationBase<ros::Duration>::fromSec(double)'
CMakeFiles/offb_node_square.dir/src/offb_node_square.cpp.o: In function `ros::ServiceClient::deserializeFailed(std::exception const&)':
offb_node_square.cpp:(.text._ZN3ros13ServiceClient17deserializeFailedERKSt9exception[_ZN3ros13ServiceClient17deserializeFailedERKSt9exception]+0x23): undefined reference to `ros::console::g_initialized'
offb_node_square.cpp:(.text._ZN3ros13ServiceClient17deserializeFailedERKSt9exception[_ZN3ros13ServiceClient17deserializeFailedERKSt9exception]+0x33): undefined reference to `ros::console::initialize()'
offb_node_square.cpp:(.text._ZN3ros13ServiceClient17deserializeFailedERKSt9exception[_ZN3ros13ServiceClient17deserializeFailedERKSt9exception]+0x80): undefined reference to `ros::console::initializeLogLocation(ros::console::LogLocation*, std::__cxx11::basic_string<char, std::char_traits<char>, std::allocator<char> > const&, ros::console::levels::Level)'
offb_node_square.cpp:(.text._ZN3ros13ServiceClient17deserializeFailedERKSt9exception[_ZN3ros13ServiceClient17deserializeFailedERKSt9exception]+0xbd): undefined reference to `ros::console::setLogLocationLevel(ros::console::LogLocation*, ros::console::levels::Level)'
offb_node_square.cpp:(.text._ZN3ros13ServiceClient17deserializeFailedERKSt9exception[_ZN3ros13ServiceClient17deserializeFailedERKSt9exception]+0xc9): undefined reference to `ros::console::checkLogLocationEnabled(ros::console::LogLocation*)'
offb_node_square.cpp:(.text._ZN3ros13ServiceClient17deserializeFailedERKSt9exception[_ZN3ros13ServiceClient17deserializeFailedERKSt9exception]+0x139): undefined reference to `ros::console::print(ros::console::FilterBase*, void*, ros::console::levels::Level, char const*, int, char const*, char const*, ...)'
CMakeFiles/offb_node_square.dir/src/offb_node_square.cpp.o: In function `ros::Subscriber ros::NodeHandle::subscribe<mavros_msgs::State_<std::allocator<void> > >(std::__cxx11::basic_string<char, std::char_traits<char>, std::allocator<char> > const&, unsigned int, void (*)(boost::shared_ptr<mavros_msgs::State_<std::allocator<void> > const> const&), ros::TransportHints const&)':
offb_node_square.cpp:(.text._ZN3ros10NodeHandle9subscribeIN11mavros_msgs6State_ISaIvEEEEENS_10SubscriberERKNSt7__cxx1112basic_stringIcSt11char_traitsIcESaIcEEEjPFvRKN5boost10shared_ptrIKT_EEERKNS_14TransportHintsE[_ZN3ros10NodeHandle9subscribeIN11mavros_msgs6State_ISaIvEEEEENS_10SubscriberERKNSt7__cxx1112basic_stringIcSt11char_traitsIcESaIcEEEjPFvRKN5boost10shared_ptrIKT_EEERKNS_14TransportHintsE]+0x115): undefined reference to `ros::NodeHandle::subscribe(ros::SubscribeOptions&)'
CMakeFiles/offb_node_square.dir/src/offb_node_square.cpp.o: In function `ros::Publisher ros::NodeHandle::advertise<geometry_msgs::PoseStamped_<std::allocator<void> > >(std::__cxx11::basic_string<char, std::char_traits<char>, std::allocator<char> > const&, unsigned int, bool)':
offb_node_square.cpp:(.text._ZN3ros10NodeHandle9advertiseIN13geometry_msgs12PoseStamped_ISaIvEEEEENS_9PublisherERKNSt7__cxx1112basic_stringIcSt11char_traitsIcESaIcEEEjb[_ZN3ros10NodeHandle9advertiseIN13geometry_msgs12PoseStamped_ISaIvEEEEENS_9PublisherERKNSt7__cxx1112basic_stringIcSt11char_traitsIcESaIcEEEjb]+0xdd): undefined reference to `ros::NodeHandle::advertise(ros::AdvertiseOptions&)'
CMakeFiles/offb_node_square.dir/src/offb_node_square.cpp.o: In function `ros::ServiceClient ros::NodeHandle::serviceClient<mavros_msgs::CommandBool>(std::__cxx11::basic_string<char, std::char_traits<char>, std::allocator<char> > const&, bool, std::map<std::__cxx11::basic_string<char, std::char_traits<char>, std::allocator<char> >, std::__cxx11::basic_string<char, std::char_traits<char>, std::allocator<char> >, std::less<std::__cxx11::basic_string<char, std::char_traits<char>, std::allocator<char> > >, std::allocator<std::pair<std::__cxx11::basic_string<char, std::char_traits<char>, std::allocator<char> > const, std::__cxx11::basic_string<char, std::char_traits<char>, std::allocator<char> > > > > const&)':
offb_node_square.cpp:(.text._ZN3ros10NodeHandle13serviceClientIN11mavros_msgs11CommandBoolEEENS_13ServiceClientERKNSt7__cxx1112basic_stringIcSt11char_traitsIcESaIcEEEbRKSt3mapISA_SA_St4lessISA_ESaISt4pairISB_SA_EEE[_ZN3ros10NodeHandle13serviceClientIN11mavros_msgs11CommandBoolEEENS_13ServiceClientERKNSt7__cxx1112basic_stringIcSt11char_traitsIcESaIcEEEbRKSt3mapISA_SA_St4lessISA_ESaISt4pairISB_SA_EEE]+0x8e): undefined reference to `ros::NodeHandle::serviceClient(ros::ServiceClientOptions&)'
CMakeFiles/offb_node_square.dir/src/offb_node_square.cpp.o: In function `ros::ServiceClient ros::NodeHandle::serviceClient<mavros_msgs::SetMode>(std::__cxx11::basic_string<char, std::char_traits<char>, std::allocator<char> > const&, bool, std::map<std::__cxx11::basic_string<char, std::char_traits<char>, std::allocator<char> >, std::__cxx11::basic_string<char, std::char_traits<char>, std::allocator<char> >, std::less<std::__cxx11::basic_string<char, std::char_traits<char>, std::allocator<char> > >, std::allocator<std::pair<std::__cxx11::basic_string<char, std::char_traits<char>, std::allocator<char> > const, std::__cxx11::basic_string<char, std::char_traits<char>, std::allocator<char> > > > > const&)':
offb_node_square.cpp:(.text._ZN3ros10NodeHandle13serviceClientIN11mavros_msgs7SetModeEEENS_13ServiceClientERKNSt7__cxx1112basic_stringIcSt11char_traitsIcESaIcEEEbRKSt3mapISA_SA_St4lessISA_ESaISt4pairISB_SA_EEE[_ZN3ros10NodeHandle13serviceClientIN11mavros_msgs7SetModeEEENS_13ServiceClientERKNSt7__cxx1112basic_stringIcSt11char_traitsIcESaIcEEEbRKSt3mapISA_SA_St4lessISA_ESaISt4pairISB_SA_EEE]+0x8e): undefined reference to `ros::NodeHandle::serviceClient(ros::ServiceClientOptions&)'
CMakeFiles/offb_node_square.dir/src/offb_node_square.cpp.o: In function `void ros::Publisher::publish<geometry_msgs::PoseStamped_<std::allocator<void> > >(geometry_msgs::PoseStamped_<std::allocator<void> > const&) const':
offb_node_square.cpp:(.text._ZNK3ros9Publisher7publishIN13geometry_msgs12PoseStamped_ISaIvEEEEEvRKT_[_ZNK3ros9Publisher7publishIN13geometry_msgs12PoseStamped_ISaIvEEEEEvRKT_]+0x47): undefined reference to `ros::console::g_initialized'
offb_node_square.cpp:(.text._ZNK3ros9Publisher7publishIN13geometry_msgs12PoseStamped_ISaIvEEEEEvRKT_[_ZNK3ros9Publisher7publishIN13geometry_msgs12PoseStamped_ISaIvEEEEEvRKT_]+0x57): undefined reference to `ros::console::initialize()'
offb_node_square.cpp:(.text._ZNK3ros9Publisher7publishIN13geometry_msgs12PoseStamped_ISaIvEEEEEvRKT_[_ZNK3ros9Publisher7publishIN13geometry_msgs12PoseStamped_ISaIvEEEEEvRKT_]+0xaa): undefined reference to `ros::console::initializeLogLocation(ros::console::LogLocation*, std::__cxx11::basic_string<char, std::char_traits<char>, std::allocator<char> > const&, ros::console::levels::Level)'
offb_node_square.cpp:(.text._ZNK3ros9Publisher7publishIN13geometry_msgs12PoseStamped_ISaIvEEEEEvRKT_[_ZNK3ros9Publisher7publishIN13geometry_msgs12PoseStamped_ISaIvEEEEEvRKT_]+0xea): undefined reference to `ros::console::setLogLocationLevel(ros::console::LogLocation*, ros::console::levels::Level)'
offb_node_square.cpp:(.text._ZNK3ros9Publisher7publishIN13geometry_msgs12PoseStamped_ISaIvEEEEEvRKT_[_ZNK3ros9Publisher7publishIN13geometry_msgs12PoseStamped_ISaIvEEEEEvRKT_]+0xf6): undefined reference to `ros::console::checkLogLocationEnabled(ros::console::LogLocation*)'
offb_node_square.cpp:(.text._ZNK3ros9Publisher7publishIN13geometry_msgs12PoseStamped_ISaIvEEEEEvRKT_[_ZNK3ros9Publisher7publishIN13geometry_msgs12PoseStamped_ISaIvEEEEEvRKT_]+0x15f): undefined reference to `ros::console::print(ros::console::FilterBase*, void*, ros::console::levels::Level, char const*, int, char const*, char const*, ...)'
offb_node_square.cpp:(.text._ZNK3ros9Publisher7publishIN13geometry_msgs12PoseStamped_ISaIvEEEEEvRKT_[_ZNK3ros9Publisher7publishIN13geometry_msgs12PoseStamped_ISaIvEEEEEvRKT_]+0x16a): undefined reference to `ros::console::g_initialized'
offb_node_square.cpp:(.text._ZNK3ros9Publisher7publishIN13geometry_msgs12PoseStamped_ISaIvEEEEEvRKT_[_ZNK3ros9Publisher7publishIN13geometry_msgs12PoseStamped_ISaIvEEEEEvRKT_]+0x17a): undefined reference to `ros::console::initialize()'
offb_node_square.cpp:(.text._ZNK3ros9Publisher7publishIN13geometry_msgs12PoseStamped_ISaIvEEEEEvRKT_[_ZNK3ros9Publisher7publishIN13geometry_msgs12PoseStamped_ISaIvEEEEEvRKT_]+0x1cd): undefined reference to `ros::console::initializeLogLocation(ros::console::LogLocation*, std::__cxx11::basic_string<char, std::char_traits<char>, std::allocator<char> > const&, ros::console::levels::Level)'
offb_node_square.cpp:(.text._ZNK3ros9Publisher7publishIN13geometry_msgs12PoseStamped_ISaIvEEEEEvRKT_[_ZNK3ros9Publisher7publishIN13geometry_msgs12PoseStamped_ISaIvEEEEEvRKT_]+0x20d): undefined reference to `ros::console::setLogLocationLevel(ros::console::LogLocation*, ros::console::levels::Level)'
offb_node_square.cpp:(.text._ZNK3ros9Publisher7publishIN13geometry_msgs12PoseStamped_ISaIvEEEEEvRKT_[_ZNK3ros9Publisher7publishIN13geometry_msgs12PoseStamped_ISaIvEEEEEvRKT_]+0x219): undefined reference to `ros::console::checkLogLocationEnabled(ros::console::LogLocation*)'
offb_node_square.cpp:(.text._ZNK3ros9Publisher7publishIN13geometry_msgs12PoseStamped_ISaIvEEEEEvRKT_[_ZNK3ros9Publisher7publishIN13geometry_msgs12PoseStamped_ISaIvEEEEEvRKT_]+0x274): undefined reference to `ros::console::print(ros::console::FilterBase*, void*, ros::console::levels::Level, char const*, int, char const*, char const*, ...)'
offb_node_square.cpp:(.text._ZNK3ros9Publisher7publishIN13geometry_msgs12PoseStamped_ISaIvEEEEEvRKT_[_ZNK3ros9Publisher7publishIN13geometry_msgs12PoseStamped_ISaIvEEEEEvRKT_]+0x27f): undefined reference to `ros::console::g_initialized'
offb_node_square.cpp:(.text._ZNK3ros9Publisher7publishIN13geometry_msgs12PoseStamped_ISaIvEEEEEvRKT_[_ZNK3ros9Publisher7publishIN13geometry_msgs12PoseStamped_ISaIvEEEEEvRKT_]+0x28f): undefined reference to `ros::console::initialize()'
offb_node_square.cpp:(.text._ZNK3ros9Publisher7publishIN13geometry_msgs12PoseStamped_ISaIvEEEEEvRKT_[_ZNK3ros9Publisher7publishIN13geometry_msgs12PoseStamped_ISaIvEEEEEvRKT_]+0x2e2): undefined reference to `ros::console::initializeLogLocation(ros::console::LogLocation*, std::__cxx11::basic_string<char, std::char_traits<char>, std::allocator<char> > const&, ros::console::levels::Level)'
offb_node_square.cpp:(.text._ZNK3ros9Publisher7publishIN13geometry_msgs12PoseStamped_ISaIvEEEEEvRKT_[_ZNK3ros9Publisher7publishIN13geometry_msgs12PoseStamped_ISaIvEEEEEvRKT_]+0x322): undefined reference to `ros::console::setLogLocationLevel(ros::console::LogLocation*, ros::console::levels::Level)'
offb_node_square.cpp:(.text._ZNK3ros9Publisher7publishIN13geometry_msgs12PoseStamped_ISaIvEEEEEvRKT_[_ZNK3ros9Publisher7publishIN13geometry_msgs12PoseStamped_ISaIvEEEEEvRKT_]+0x32e): undefined reference to `ros::console::checkLogLocationEnabled(ros::console::LogLocation*)'
offb_node_square.cpp:(.text._ZNK3ros9Publisher7publishIN13geometry_msgs12PoseStamped_ISaIvEEEEEvRKT_[_ZNK3ros9Publisher7publishIN13geometry_msgs12PoseStamped_ISaIvEEEEEvRKT_]+0x389): undefined reference to `ros::console::print(ros::console::FilterBase*, void*, ros::console::levels::Level, char const*, int, char const*, char const*, ...)'
offb_node_square.cpp:(.text._ZNK3ros9Publisher7publishIN13geometry_msgs12PoseStamped_ISaIvEEEEEvRKT_[_ZNK3ros9Publisher7publishIN13geometry_msgs12PoseStamped_ISaIvEEEEEvRKT_]+0x3aa): undefined reference to `ros::Publisher::Impl::isValid() const'
offb_node_square.cpp:(.text._ZNK3ros9Publisher7publishIN13geometry_msgs12PoseStamped_ISaIvEEEEEvRKT_[_ZNK3ros9Publisher7publishIN13geometry_msgs12PoseStamped_ISaIvEEEEEvRKT_]+0x3bc): undefined reference to `ros::console::g_initialized'
offb_node_square.cpp:(.text._ZNK3ros9Publisher7publishIN13geometry_msgs12PoseStamped_ISaIvEEEEEvRKT_[_ZNK3ros9Publisher7publishIN13geometry_msgs12PoseStamped_ISaIvEEEEEvRKT_]+0x3cc): undefined reference to `ros::console::initialize()'
offb_node_square.cpp:(.text._ZNK3ros9Publisher7publishIN13geometry_msgs12PoseStamped_ISaIvEEEEEvRKT_[_ZNK3ros9Publisher7publishIN13geometry_msgs12PoseStamped_ISaIvEEEEEvRKT_]+0x41f): undefined reference to `ros::console::initializeLogLocation(ros::console::LogLocation*, std::__cxx11::basic_string<char, std::char_traits<char>, std::allocator<char> > const&, ros::console::levels::Level)'
offb_node_square.cpp:(.text._ZNK3ros9Publisher7publishIN13geometry_msgs12PoseStamped_ISaIvEEEEEvRKT_[_ZNK3ros9Publisher7publishIN13geometry_msgs12PoseStamped_ISaIvEEEEEvRKT_]+0x45f): undefined reference to `ros::console::setLogLocationLevel(ros::console::LogLocation*, ros::console::levels::Level)'
offb_node_square.cpp:(.text._ZNK3ros9Publisher7publishIN13geometry_msgs12PoseStamped_ISaIvEEEEEvRKT_[_ZNK3ros9Publisher7publishIN13geometry_msgs12PoseStamped_ISaIvEEEEEvRKT_]+0x46b): undefined reference to `ros::console::checkLogLocationEnabled(ros::console::LogLocation*)'
offb_node_square.cpp:(.text._ZNK3ros9Publisher7publishIN13geometry_msgs12PoseStamped_ISaIvEEEEEvRKT_[_ZNK3ros9Publisher7publishIN13geometry_msgs12PoseStamped_ISaIvEEEEEvRKT_]+0x4d4): undefined reference to `ros::console::print(ros::console::FilterBase*, void*, ros::console::levels::Level, char const*, int, char const*, char const*, ...)'
offb_node_square.cpp:(.text._ZNK3ros9Publisher7publishIN13geometry_msgs12PoseStamped_ISaIvEEEEEvRKT_[_ZNK3ros9Publisher7publishIN13geometry_msgs12PoseStamped_ISaIvEEEEEvRKT_]+0x4df): undefined reference to `ros::console::g_initialized'
offb_node_square.cpp:(.text._ZNK3ros9Publisher7publishIN13geometry_msgs12PoseStamped_ISaIvEEEEEvRKT_[_ZNK3ros9Publisher7publishIN13geometry_msgs12PoseStamped_ISaIvEEEEEvRKT_]+0x4ef): undefined reference to `ros::console::initialize()'
offb_node_square.cpp:(.text._ZNK3ros9Publisher7publishIN13geometry_msgs12PoseStamped_ISaIvEEEEEvRKT_[_ZNK3ros9Publisher7publishIN13geometry_msgs12PoseStamped_ISaIvEEEEEvRKT_]+0x542): undefined reference to `ros::console::initializeLogLocation(ros::console::LogLocation*, std::__cxx11::basic_string<char, std::char_traits<char>, std::allocator<char> > const&, ros::console::levels::Level)'
offb_node_square.cpp:(.text._ZNK3ros9Publisher7publishIN13geometry_msgs12PoseStamped_ISaIvEEEEEvRKT_[_ZNK3ros9Publisher7publishIN13geometry_msgs12PoseStamped_ISaIvEEEEEvRKT_]+0x582): undefined reference to `ros::console::setLogLocationLevel(ros::console::LogLocation*, ros::console::levels::Level)'
offb_node_square.cpp:(.text._ZNK3ros9Publisher7publishIN13geometry_msgs12PoseStamped_ISaIvEEEEEvRKT_[_ZNK3ros9Publisher7publishIN13geometry_msgs12PoseStamped_ISaIvEEEEEvRKT_]+0x58e): undefined reference to `ros::console::checkLogLocationEnabled(ros::console::LogLocation*)'
offb_node_square.cpp:(.text._ZNK3ros9Publisher7publishIN13geometry_msgs12PoseStamped_ISaIvEEEEEvRKT_[_ZNK3ros9Publisher7publishIN13geometry_msgs12PoseStamped_ISaIvEEEEEvRKT_]+0x600): undefined reference to `ros::console::print(ros::console::FilterBase*, void*, ros::console::levels::Level, char const*, int, char const*, char const*, ...)'
offb_node_square.cpp:(.text._ZNK3ros9Publisher7publishIN13geometry_msgs12PoseStamped_ISaIvEEEEEvRKT_[_ZNK3ros9Publisher7publishIN13geometry_msgs12PoseStamped_ISaIvEEEEEvRKT_]+0x60b): undefined reference to `ros::console::g_initialized'
offb_node_square.cpp:(.text._ZNK3ros9Publisher7publishIN13geometry_msgs12PoseStamped_ISaIvEEEEEvRKT_[_ZNK3ros9Publisher7publishIN13geometry_msgs12PoseStamped_ISaIvEEEEEvRKT_]+0x61b): undefined reference to `ros::console::initialize()'
offb_node_square.cpp:(.text._ZNK3ros9Publisher7publishIN13geometry_msgs12PoseStamped_ISaIvEEEEEvRKT_[_ZNK3ros9Publisher7publishIN13geometry_msgs12PoseStamped_ISaIvEEEEEvRKT_]+0x66e): undefined reference to `ros::console::initializeLogLocation(ros::console::LogLocation*, std::__cxx11::basic_string<char, std::char_traits<char>, std::allocator<char> > const&, ros::console::levels::Level)'
offb_node_square.cpp:(.text._ZNK3ros9Publisher7publishIN13geometry_msgs12PoseStamped_ISaIvEEEEEvRKT_[_ZNK3ros9Publisher7publishIN13geometry_msgs12PoseStamped_ISaIvEEEEEvRKT_]+0x6ae): undefined reference to `ros::console::setLogLocationLevel(ros::console::LogLocation*, ros::console::levels::Level)'
offb_node_square.cpp:(.text._ZNK3ros9Publisher7publishIN13geometry_msgs12PoseStamped_ISaIvEEEEEvRKT_[_ZNK3ros9Publisher7publishIN13geometry_msgs12PoseStamped_ISaIvEEEEEvRKT_]+0x6ba): undefined reference to `ros::console::checkLogLocationEnabled(ros::console::LogLocation*)'
offb_node_square.cpp:(.text._ZNK3ros9Publisher7publishIN13geometry_msgs12PoseStamped_ISaIvEEEEEvRKT_[_ZNK3ros9Publisher7publishIN13geometry_msgs12PoseStamped_ISaIvEEEEEvRKT_]+0x715): undefined reference to `ros::console::print(ros::console::FilterBase*, void*, ros::console::levels::Level, char const*, int, char const*, char const*, ...)'
offb_node_square.cpp:(.text._ZNK3ros9Publisher7publishIN13geometry_msgs12PoseStamped_ISaIvEEEEEvRKT_[_ZNK3ros9Publisher7publishIN13geometry_msgs12PoseStamped_ISaIvEEEEEvRKT_]+0x823): undefined reference to `ros::console::g_initialized'
offb_node_square.cpp:(.text._ZNK3ros9Publisher7publishIN13geometry_msgs12PoseStamped_ISaIvEEEEEvRKT_[_ZNK3ros9Publisher7publishIN13geometry_msgs12PoseStamped_ISaIvEEEEEvRKT_]+0x833): undefined reference to `ros::console::initialize()'
offb_node_square.cpp:(.text._ZNK3ros9Publisher7publishIN13geometry_msgs12PoseStamped_ISaIvEEEEEvRKT_[_ZNK3ros9Publisher7publishIN13geometry_msgs12PoseStamped_ISaIvEEEEEvRKT_]+0x886): undefined reference to `ros::console::initializeLogLocation(ros::console::LogLocation*, std::__cxx11::basic_string<char, std::char_traits<char>, std::allocator<char> > const&, ros::console::levels::Level)'
offb_node_square.cpp:(.text._ZNK3ros9Publisher7publishIN13geometry_msgs12PoseStamped_ISaIvEEEEEvRKT_[_ZNK3ros9Publisher7publishIN13geometry_msgs12PoseStamped_ISaIvEEEEEvRKT_]+0x8c5): undefined reference to `ros::console::setLogLocationLevel(ros::console::LogLocation*, ros::console::levels::Level)'
offb_node_square.cpp:(.text._ZNK3ros9Publisher7publishIN13geometry_msgs12PoseStamped_ISaIvEEEEEvRKT_[_ZNK3ros9Publisher7publishIN13geometry_msgs12PoseStamped_ISaIvEEEEEvRKT_]+0x8d1): undefined reference to `ros::console::checkLogLocationEnabled(ros::console::LogLocation*)'
offb_node_square.cpp:(.text._ZNK3ros9Publisher7publishIN13geometry_msgs12PoseStamped_ISaIvEEEEEvRKT_[_ZNK3ros9Publisher7publishIN13geometry_msgs12PoseStamped_ISaIvEEEEEvRKT_]+0x9b3): undefined reference to `ros::console::print(ros::console::FilterBase*, void*, ros::console::levels::Level, char const*, int, char const*, char const*, ...)'
offb_node_square.cpp:(.text._ZNK3ros9Publisher7publishIN13geometry_msgs12PoseStamped_ISaIvEEEEEvRKT_[_ZNK3ros9Publisher7publishIN13geometry_msgs12PoseStamped_ISaIvEEEEEvRKT_]+0xa45): undefined reference to `ros::Publisher::publish(boost::function<ros::SerializedMessage ()> const&, ros::SerializedMessage&) const'
CMakeFiles/offb_node_square.dir/src/offb_node_square.cpp.o: In function `bool ros::ServiceClient::call<mavros_msgs::SetMode>(mavros_msgs::SetMode&)':
offb_node_square.cpp:(.text._ZN3ros13ServiceClient4callIN11mavros_msgs7SetModeEEEbRT_[_ZN3ros13ServiceClient4callIN11mavros_msgs7SetModeEEEbRT_]+0x28): undefined reference to `ros::ServiceClient::isValid() const'
CMakeFiles/offb_node_square.dir/src/offb_node_square.cpp.o: In function `bool ros::ServiceClient::call<mavros_msgs::CommandBool>(mavros_msgs::CommandBool&)':
offb_node_square.cpp:(.text._ZN3ros13ServiceClient4callIN11mavros_msgs11CommandBoolEEEbRT_[_ZN3ros13ServiceClient4callIN11mavros_msgs11CommandBoolEEEbRT_]+0x28): undefined reference to `ros::ServiceClient::isValid() const'
CMakeFiles/offb_node_square.dir/src/offb_node_square.cpp.o: In function `bool ros::ServiceClient::call<mavros_msgs::SetModeRequest_<std::allocator<void> >, mavros_msgs::SetModeResponse_<std::allocator<void> > >(mavros_msgs::SetModeRequest_<std::allocator<void> > const&, mavros_msgs::SetModeResponse_<std::allocator<void> >&, std::__cxx11::basic_string<char, std::char_traits<char>, std::allocator<char> > const&)':
offb_node_square.cpp:(.text._ZN3ros13ServiceClient4callIN11mavros_msgs15SetModeRequest_ISaIvEEENS2_16SetModeResponse_IS4_EEEEbRKT_RT0_RKNSt7__cxx1112basic_stringIcSt11char_traitsIcESaIcEEE[_ZN3ros13ServiceClient4callIN11mavros_msgs15SetModeRequest_ISaIvEEENS2_16SetModeResponse_IS4_EEEEbRKT_RT0_RKNSt7__cxx1112basic_stringIcSt11char_traitsIcESaIcEEE]+0x79): undefined reference to `ros::ServiceClient::call(ros::SerializedMessage const&, ros::SerializedMessage&, std::__cxx11::basic_string<char, std::char_traits<char>, std::allocator<char> > const&)'
CMakeFiles/offb_node_square.dir/src/offb_node_square.cpp.o: In function `bool ros::ServiceClient::call<mavros_msgs::CommandBoolRequest_<std::allocator<void> >, mavros_msgs::CommandBoolResponse_<std::allocator<void> > >(mavros_msgs::CommandBoolRequest_<std::allocator<void> > const&, mavros_msgs::CommandBoolResponse_<std::allocator<void> >&, std::__cxx11::basic_string<char, std::char_traits<char>, std::allocator<char> > const&)':
offb_node_square.cpp:(.text._ZN3ros13ServiceClient4callIN11mavros_msgs19CommandBoolRequest_ISaIvEEENS2_20CommandBoolResponse_IS4_EEEEbRKT_RT0_RKNSt7__cxx1112basic_stringIcSt11char_traitsIcESaIcEEE[_ZN3ros13ServiceClient4callIN11mavros_msgs19CommandBoolRequest_ISaIvEEENS2_20CommandBoolResponse_IS4_EEEEbRKT_RT0_RKNSt7__cxx1112basic_stringIcSt11char_traitsIcESaIcEEE]+0x79): undefined reference to `ros::ServiceClient::call(ros::SerializedMessage const&, ros::SerializedMessage&, std::__cxx11::basic_string<char, std::char_traits<char>, std::allocator<char> > const&)'
CMakeFiles/offb_node_square.dir/src/offb_node_square.cpp.o: In function `void ros::serialization::Serializer<unsigned int>::write<ros::serialization::OStream>(ros::serialization::OStream&, unsigned int)':
offb_node_square.cpp:(.text._ZN3ros13serialization10SerializerIjE5writeINS0_7OStreamEEEvRT_j[_ZN3ros13serialization10SerializerIjE5writeINS0_7OStreamEEEvRT_j]+0x52): undefined reference to `ros::serialization::throwStreamOverrun()'
CMakeFiles/offb_node_square.dir/src/offb_node_square.cpp.o: In function `void ros::serialization::Serializer<unsigned char>::write<ros::serialization::OStream>(ros::serialization::OStream&, unsigned char)':
offb_node_square.cpp:(.text._ZN3ros13serialization10SerializerIhE5writeINS0_7OStreamEEEvRT_h[_ZN3ros13serialization10SerializerIhE5writeINS0_7OStreamEEEvRT_h]+0x54): undefined reference to `ros::serialization::throwStreamOverrun()'
CMakeFiles/offb_node_square.dir/src/offb_node_square.cpp.o: In function `void ros::serialization::Serializer<std::__cxx11::basic_string<char, std::char_traits<char>, std::allocator<char> > >::write<ros::serialization::OStream>(ros::serialization::OStream&, std::__cxx11::basic_string<char, std::char_traits<char>, std::allocator<char> > const&)':
offb_node_square.cpp:(.text._ZN3ros13serialization10SerializerINSt7__cxx1112basic_stringIcSt11char_traitsIcESaIcEEEE5writeINS0_7OStreamEEEvRT_RKS7_[_ZN3ros13serialization10SerializerINSt7__cxx1112basic_stringIcSt11char_traitsIcESaIcEEEE5writeINS0_7OStreamEEEvRT_RKS7_]+0xab): undefined reference to `ros::serialization::throwStreamOverrun()'
CMakeFiles/offb_node_square.dir/src/offb_node_square.cpp.o: In function `void ros::serialization::Serializer<unsigned char>::read<ros::serialization::IStream>(ros::serialization::IStream&, unsigned char&)':
offb_node_square.cpp:(.text._ZN3ros13serialization10SerializerIhE4readINS0_7IStreamEEEvRT_Rh[_ZN3ros13serialization10SerializerIhE4readINS0_7IStreamEEEvRT_Rh]+0x53): undefined reference to `ros::serialization::throwStreamOverrun()'
CMakeFiles/offb_node_square.dir/src/offb_node_square.cpp.o: In function `void ros::serialization::Serializer<double>::write<ros::serialization::OStream>(ros::serialization::OStream&, double)':
offb_node_square.cpp:(.text._ZN3ros13serialization10SerializerIdE5writeINS0_7OStreamEEEvRT_d[_ZN3ros13serialization10SerializerIdE5writeINS0_7OStreamEEEvRT_d]+0x54): undefined reference to `ros::serialization::throwStreamOverrun()'
CMakeFiles/offb_node_square.dir/src/offb_node_square.cpp.o: In function `ros::SubscriptionCallbackHelperT<boost::shared_ptr<mavros_msgs::State_<std::allocator<void> > const> const&, void>::deserialize(ros::SubscriptionCallbackHelperDeserializeParams const&)':
offb_node_square.cpp:(.text._ZN3ros27SubscriptionCallbackHelperTIRKN5boost10shared_ptrIKN11mavros_msgs6State_ISaIvEEEEEvE11deserializeERKNS_43SubscriptionCallbackHelperDeserializeParamsE[_ZN3ros27SubscriptionCallbackHelperTIRKN5boost10shared_ptrIKN11mavros_msgs6State_ISaIvEEEEEvE11deserializeERKNS_43SubscriptionCallbackHelperDeserializeParamsE]+0x61): undefined reference to `ros::console::g_initialized'
offb_node_square.cpp:(.text._ZN3ros27SubscriptionCallbackHelperTIRKN5boost10shared_ptrIKN11mavros_msgs6State_ISaIvEEEEEvE11deserializeERKNS_43SubscriptionCallbackHelperDeserializeParamsE[_ZN3ros27SubscriptionCallbackHelperTIRKN5boost10shared_ptrIKN11mavros_msgs6State_ISaIvEEEEEvE11deserializeERKNS_43SubscriptionCallbackHelperDeserializeParamsE]+0x71): undefined reference to `ros::console::initialize()'
offb_node_square.cpp:(.text._ZN3ros27SubscriptionCallbackHelperTIRKN5boost10shared_ptrIKN11mavros_msgs6State_ISaIvEEEEEvE11deserializeERKNS_43SubscriptionCallbackHelperDeserializeParamsE[_ZN3ros27SubscriptionCallbackHelperTIRKN5boost10shared_ptrIKN11mavros_msgs6State_ISaIvEEEEEvE11deserializeERKNS_43SubscriptionCallbackHelperDeserializeParamsE]+0xbe): undefined reference to `ros::console::initializeLogLocation(ros::console::LogLocation*, std::__cxx11::basic_string<char, std::char_traits<char>, std::allocator<char> > const&, ros::console::levels::Level)'
offb_node_square.cpp:(.text._ZN3ros27SubscriptionCallbackHelperTIRKN5boost10shared_ptrIKN11mavros_msgs6State_ISaIvEEEEEvE11deserializeERKNS_43SubscriptionCallbackHelperDeserializeParamsE[_ZN3ros27SubscriptionCallbackHelperTIRKN5boost10shared_ptrIKN11mavros_msgs6State_ISaIvEEEEEvE11deserializeERKNS_43SubscriptionCallbackHelperDeserializeParamsE]+0xfa): undefined reference to `ros::console::setLogLocationLevel(ros::console::LogLocation*, ros::console::levels::Level)'
offb_node_square.cpp:(.text._ZN3ros27SubscriptionCallbackHelperTIRKN5boost10shared_ptrIKN11mavros_msgs6State_ISaIvEEEEEvE11deserializeERKNS_43SubscriptionCallbackHelperDeserializeParamsE[_ZN3ros27SubscriptionCallbackHelperTIRKN5boost10shared_ptrIKN11mavros_msgs6State_ISaIvEEEEEvE11deserializeERKNS_43SubscriptionCallbackHelperDeserializeParamsE]+0x106): undefined reference to `ros::console::checkLogLocationEnabled(ros::console::LogLocation*)'
offb_node_square.cpp:(.text._ZN3ros27SubscriptionCallbackHelperTIRKN5boost10shared_ptrIKN11mavros_msgs6State_ISaIvEEEEEvE11deserializeERKNS_43SubscriptionCallbackHelperDeserializeParamsE[_ZN3ros27SubscriptionCallbackHelperTIRKN5boost10shared_ptrIKN11mavros_msgs6State_ISaIvEEEEEvE11deserializeERKNS_43SubscriptionCallbackHelperDeserializeParamsE]+0x180): undefined reference to `ros::console::print(ros::console::FilterBase*, void*, ros::console::levels::Level, char const*, int, char const*, char const*, ...)'
CMakeFiles/offb_node_square.dir/src/offb_node_square.cpp.o: In function `void ros::serialization::Serializer<std::__cxx11::basic_string<char, std::char_traits<char>, std::allocator<char> > >::read<ros::serialization::IStream>(ros::serialization::IStream&, std::__cxx11::basic_string<char, std::char_traits<char>, std::allocator<char> >&)':
offb_node_square.cpp:(.text._ZN3ros13serialization10SerializerINSt7__cxx1112basic_stringIcSt11char_traitsIcESaIcEEEE4readINS0_7IStreamEEEvRT_RS7_[_ZN3ros13serialization10SerializerINSt7__cxx1112basic_stringIcSt11char_traitsIcESaIcEEEE4readINS0_7IStreamEEEvRT_RS7_]+0x99): undefined reference to `ros::serialization::throwStreamOverrun()'
CMakeFiles/offb_node_square.dir/src/offb_node_square.cpp.o: In function `void ros::serialization::Serializer<unsigned int>::read<ros::serialization::IStream>(ros::serialization::IStream&, unsigned int&)':
offb_node_square.cpp:(.text._ZN3ros13serialization10SerializerIjE4readINS0_7IStreamEEEvRT_Rj[_ZN3ros13serialization10SerializerIjE4readINS0_7IStreamEEEvRT_Rj]+0x53): undefined reference to `ros::serialization::throwStreamOverrun()'
collect2: error: ld returned 1 exit status
make[2]: *** [/home/soren/eit_ws/devel/.private/eit_playground/lib/eit_playground/offb_node_square] Error 1
make[1]: *** [CMakeFiles/offb_node_square.dir/all] Error 2
make: *** [all] Error 2
